irun(64): 15.20-s051: (c) Copyright 1995-2018 Cadence Design Systems, Inc.
TOOL:	irun(64)	15.20-s051: Started on Feb 28, 2019 at 06:23:44 IST
irun
	-access +rwc
	-f compile.f
		../RTL/d_ff.v
		../RTL/sipo.v
		../VERIFICATION/sipo_tb.v
DEFINE sdadc_working_lay /projects/tigershare/sdadc_working_lay
|
irun: *W,DLCPTH (/tools/cadence/IC617/share/cdssetup/cds.lib,7): cds.lib Permission denied '/projects/tigershare/sdadc_working_lay' (cds.lib command ignored).
DEFINE sdadc_working /projects/tigershare/sdadc_working
|
irun: *W,DLCPTH (/tools/cadence/IC617/share/cdssetup/cds.lib,8): cds.lib Permission denied '/projects/tigershare/sdadc_working' (cds.lib command ignored).
DEFINE sdadc_working_lay /projects/tigershare/sdadc_working_lay
|
irun: *W,DLCPTH (/tools/cadence/IC617/share/cdssetup/cds.lib,7): cds.lib Permission denied '/projects/tigershare/sdadc_working_lay' (cds.lib command ignored).
DEFINE sdadc_working /projects/tigershare/sdadc_working
|
irun: *W,DLCPTH (/tools/cadence/IC617/share/cdssetup/cds.lib,8): cds.lib Permission denied '/projects/tigershare/sdadc_working' (cds.lib command ignored).
DEFINE sdadc_working_lay /projects/tigershare/sdadc_working_lay
|
irun: *W,DLCPTH (/tools/cadence/IC617/share/cdssetup/cds.lib,7): cds.lib Permission denied '/projects/tigershare/sdadc_working_lay' (cds.lib command ignored).
DEFINE sdadc_working /projects/tigershare/sdadc_working
|
irun: *W,DLCPTH (/tools/cadence/IC617/share/cdssetup/cds.lib,8): cds.lib Permission denied '/projects/tigershare/sdadc_working' (cds.lib command ignored).
DEFINE sdadc_working_lay /projects/tigershare/sdadc_working_lay
|
irun: *W,DLCPTH (/tools/cadence/IC617/share/cdssetup/cds.lib,7): cds.lib Permission denied '/projects/tigershare/sdadc_working_lay' (cds.lib command ignored).
DEFINE sdadc_working /projects/tigershare/sdadc_working
|
irun: *W,DLCPTH (/tools/cadence/IC617/share/cdssetup/cds.lib,8): cds.lib Permission denied '/projects/tigershare/sdadc_working' (cds.lib command ignored).
DEFINE sdadc_working_lay /projects/tigershare/sdadc_working_lay
|
irun: *W,DLCPTH (/tools/cadence/IC617/share/cdssetup/cds.lib,7): cds.lib Permission denied '/projects/tigershare/sdadc_working_lay' (cds.lib command ignored).
DEFINE sdadc_working /projects/tigershare/sdadc_working
|
irun: *W,DLCPTH (/tools/cadence/IC617/share/cdssetup/cds.lib,8): cds.lib Permission denied '/projects/tigershare/sdadc_working' (cds.lib command ignored).
DEFINE sdadc_working_lay /projects/tigershare/sdadc_working_lay
|
ncvlog: *W,DLCPTH (/tools/cadence/IC617/share/cdssetup/cds.lib,7): cds.lib Permission denied '/projects/tigershare/sdadc_working_lay' (cds.lib command ignored).
DEFINE sdadc_working /projects/tigershare/sdadc_working
|
ncvlog: *W,DLCPTH (/tools/cadence/IC617/share/cdssetup/cds.lib,8): cds.lib Permission denied '/projects/tigershare/sdadc_working' (cds.lib command ignored).
file: ../RTL/d_ff.v
	module worklib.dff:v
		errors: 0, warnings: 0
file: ../RTL/sipo.v
	module worklib.sipo:v
		errors: 0, warnings: 0
file: ../VERIFICATION/sipo_tb.v
	module worklib.sipo_tb:v
		errors: 0, warnings: 0
	Total errors/warnings found outside modules and primitives:
		errors: 0, warnings: 2
DEFINE sdadc_working_lay /projects/tigershare/sdadc_working_lay
|
irun: *W,DLCPTH (/tools/cadence/IC617/share/cdssetup/cds.lib,7): cds.lib Permission denied '/projects/tigershare/sdadc_working_lay' (cds.lib command ignored).
DEFINE sdadc_working /projects/tigershare/sdadc_working
|
irun: *W,DLCPTH (/tools/cadence/IC617/share/cdssetup/cds.lib,8): cds.lib Permission denied '/projects/tigershare/sdadc_working' (cds.lib command ignored).
DEFINE sdadc_working_lay /projects/tigershare/sdadc_working_lay
|
irun: *W,DLCPTH (/tools/cadence/IC617/share/cdssetup/cds.lib,7): cds.lib Permission denied '/projects/tigershare/sdadc_working_lay' (cds.lib command ignored).
DEFINE sdadc_working /projects/tigershare/sdadc_working
|
irun: *W,DLCPTH (/tools/cadence/IC617/share/cdssetup/cds.lib,8): cds.lib Permission denied '/projects/tigershare/sdadc_working' (cds.lib command ignored).
DEFINE sdadc_working_lay /projects/tigershare/sdadc_working_lay
|
ncelab: *W,DLCPTH (/tools/cadence/IC617/share/cdssetup/cds.lib,7): cds.lib Permission denied '/projects/tigershare/sdadc_working_lay' (cds.lib command ignored).
DEFINE sdadc_working /projects/tigershare/sdadc_working
|
ncelab: *W,DLCPTH (/tools/cadence/IC617/share/cdssetup/cds.lib,8): cds.lib Permission denied '/projects/tigershare/sdadc_working' (cds.lib command ignored).
		Caching library 'worklib' ....... Done
	Elaborating the design hierarchy:
	Top level design units:
		sipo_tb
	Building instance overlay tables: .................... Done
	Generating native compiled code:
DEFINE sdadc_working_lay /projects/tigershare/sdadc_working_lay
|
ncvlog_cg: *W,DLCPTH (/tools/cadence/IC617/share/cdssetup/cds.lib,7): cds.lib Permission denied '/projects/tigershare/sdadc_working_lay' (cds.lib command ignored).
DEFINE sdadc_working /projects/tigershare/sdadc_working
|
ncvlog_cg: *W,DLCPTH (/tools/cadence/IC617/share/cdssetup/cds.lib,8): cds.lib Permission denied '/projects/tigershare/sdadc_working' (cds.lib command ignored).
		worklib.dff:v <0x7d943895>
			streams:   2, words:   404
		worklib.sipo_tb:v <0x688b8af6>
			streams:   6, words:  2528
	Building instance specific data structures.
	Loading native compiled code:     .................... Done
	Design hierarchy summary:
		             Instances  Unique
		Modules:             6       3
		Registers:           7       4
		Scalar wires:        7       -
		Always blocks:       5       2
		Initial blocks:      2       2
		Pseudo assignments:  3       3
	Writing initial simulation snapshot: worklib.sipo_tb:v
DEFINE sdadc_working_lay /projects/tigershare/sdadc_working_lay
|
ncsim: *W,DLCPTH (/tools/cadence/IC617/share/cdssetup/cds.lib,7): cds.lib Permission denied '/projects/tigershare/sdadc_working_lay' (cds.lib command ignored).
DEFINE sdadc_working /projects/tigershare/sdadc_working
|
ncsim: *W,DLCPTH (/tools/cadence/IC617/share/cdssetup/cds.lib,8): cds.lib Permission denied '/projects/tigershare/sdadc_working' (cds.lib command ignored).
Loading snapshot worklib.sipo_tb:v .................... Done
ncsim> source /tools/cadence/INCISIVE152/tools/inca/files/ncsimrc
ncsim> run
Simulation complete via $finish(1) at time 110 NS + 0
../VERIFICATION/sipo_tb.v:24 $finish();
ncsim> exit
TOOL:	irun(64)	15.20-s051: Exiting on Feb 28, 2019 at 06:23:44 IST  (total: 00:00:00)
