irun(64): 15.20-s051: (c) Copyright 1995-2018 Cadence Design Systems, Inc.
TOOL:	irun(64)	15.20-s051: Started on Mar 15, 2019 at 04:02:56 IST
irun
	-access +rwc
	dual_mem.v
	dual_mem_tb.v
DEFINE sdadc_working_lay /projects/tigershare/sdadc_working_lay
|
irun: *W,DLCPTH (/tools/cadence/IC617/share/cdssetup/cds.lib,7): cds.lib Permission denied '/projects/tigershare/sdadc_working_lay' (cds.lib command ignored).
DEFINE sdadc_working /projects/tigershare/sdadc_working
|
irun: *W,DLCPTH (/tools/cadence/IC617/share/cdssetup/cds.lib,8): cds.lib Permission denied '/projects/tigershare/sdadc_working' (cds.lib command ignored).
DEFINE sdadc_working_lay /projects/tigershare/sdadc_working_lay
|
irun: *W,DLCPTH (/tools/cadence/IC617/share/cdssetup/cds.lib,7): cds.lib Permission denied '/projects/tigershare/sdadc_working_lay' (cds.lib command ignored).
DEFINE sdadc_working /projects/tigershare/sdadc_working
|
irun: *W,DLCPTH (/tools/cadence/IC617/share/cdssetup/cds.lib,8): cds.lib Permission denied '/projects/tigershare/sdadc_working' (cds.lib command ignored).
DEFINE sdadc_working_lay /projects/tigershare/sdadc_working_lay
|
irun: *W,DLCPTH (/tools/cadence/IC617/share/cdssetup/cds.lib,7): cds.lib Permission denied '/projects/tigershare/sdadc_working_lay' (cds.lib command ignored).
DEFINE sdadc_working /projects/tigershare/sdadc_working
|
irun: *W,DLCPTH (/tools/cadence/IC617/share/cdssetup/cds.lib,8): cds.lib Permission denied '/projects/tigershare/sdadc_working' (cds.lib command ignored).
DEFINE sdadc_working_lay /projects/tigershare/sdadc_working_lay
|
irun: *W,DLCPTH (/tools/cadence/IC617/share/cdssetup/cds.lib,7): cds.lib Permission denied '/projects/tigershare/sdadc_working_lay' (cds.lib command ignored).
DEFINE sdadc_working /projects/tigershare/sdadc_working
|
irun: *W,DLCPTH (/tools/cadence/IC617/share/cdssetup/cds.lib,8): cds.lib Permission denied '/projects/tigershare/sdadc_working' (cds.lib command ignored).
Recompiling... reason: file './dual_mem.v' is newer than expected.
	expected: Fri Mar 15 03:14:47 2019
	actual:   Fri Mar 15 04:02:55 2019
DEFINE sdadc_working_lay /projects/tigershare/sdadc_working_lay
|
irun: *W,DLCPTH (/tools/cadence/IC617/share/cdssetup/cds.lib,7): cds.lib Permission denied '/projects/tigershare/sdadc_working_lay' (cds.lib command ignored).
DEFINE sdadc_working /projects/tigershare/sdadc_working
|
irun: *W,DLCPTH (/tools/cadence/IC617/share/cdssetup/cds.lib,8): cds.lib Permission denied '/projects/tigershare/sdadc_working' (cds.lib command ignored).
DEFINE sdadc_working_lay /projects/tigershare/sdadc_working_lay
|
ncvlog: *W,DLCPTH (/tools/cadence/IC617/share/cdssetup/cds.lib,7): cds.lib Permission denied '/projects/tigershare/sdadc_working_lay' (cds.lib command ignored).
DEFINE sdadc_working /projects/tigershare/sdadc_working
|
ncvlog: *W,DLCPTH (/tools/cadence/IC617/share/cdssetup/cds.lib,8): cds.lib Permission denied '/projects/tigershare/sdadc_working' (cds.lib command ignored).
file: dual_mem_tb.v
	module worklib.dual_mem_tb:v
		errors: 0, warnings: 0
	Total errors/warnings found outside modules and primitives:
		errors: 0, warnings: 2
DEFINE sdadc_working_lay /projects/tigershare/sdadc_working_lay
|
irun: *W,DLCPTH (/tools/cadence/IC617/share/cdssetup/cds.lib,7): cds.lib Permission denied '/projects/tigershare/sdadc_working_lay' (cds.lib command ignored).
DEFINE sdadc_working /projects/tigershare/sdadc_working
|
irun: *W,DLCPTH (/tools/cadence/IC617/share/cdssetup/cds.lib,8): cds.lib Permission denied '/projects/tigershare/sdadc_working' (cds.lib command ignored).
DEFINE sdadc_working_lay /projects/tigershare/sdadc_working_lay
|
irun: *W,DLCPTH (/tools/cadence/IC617/share/cdssetup/cds.lib,7): cds.lib Permission denied '/projects/tigershare/sdadc_working_lay' (cds.lib command ignored).
DEFINE sdadc_working /projects/tigershare/sdadc_working
|
irun: *W,DLCPTH (/tools/cadence/IC617/share/cdssetup/cds.lib,8): cds.lib Permission denied '/projects/tigershare/sdadc_working' (cds.lib command ignored).
DEFINE sdadc_working_lay /projects/tigershare/sdadc_working_lay
|
ncelab: *W,DLCPTH (/tools/cadence/IC617/share/cdssetup/cds.lib,7): cds.lib Permission denied '/projects/tigershare/sdadc_working_lay' (cds.lib command ignored).
DEFINE sdadc_working /projects/tigershare/sdadc_working
|
ncelab: *W,DLCPTH (/tools/cadence/IC617/share/cdssetup/cds.lib,8): cds.lib Permission denied '/projects/tigershare/sdadc_working' (cds.lib command ignored).
		Caching library 'worklib' ....... Done
	Elaborating the design hierarchy:
	Top level design units:
		dual_mem_tb
	Building instance overlay tables: .................... Done
	Generating native compiled code:
DEFINE sdadc_working_lay /projects/tigershare/sdadc_working_lay
|
ncvlog_cg: *W,DLCPTH (/tools/cadence/IC617/share/cdssetup/cds.lib,7): cds.lib Permission denied '/projects/tigershare/sdadc_working_lay' (cds.lib command ignored).
DEFINE sdadc_working /projects/tigershare/sdadc_working
|
ncvlog_cg: *W,DLCPTH (/tools/cadence/IC617/share/cdssetup/cds.lib,8): cds.lib Permission denied '/projects/tigershare/sdadc_working' (cds.lib command ignored).
		worklib.dual_mem_tb:v <0x6fbfc6aa>
			streams:  14, words:  5311
	Building instance specific data structures.
	Loading native compiled code:     .................... Done
	Design hierarchy summary:
		              Instances  Unique
		Modules:              2       2
		Registers:           12      12
		Scalar wires:         5       -
		Vectored wires:       8       -
		Always blocks:        3       3
		Initial blocks:       2       2
		Cont. assignments:    2       2
		Pseudo assignments:  11      11
	Writing initial simulation snapshot: worklib.dual_mem_tb:v
DEFINE sdadc_working_lay /projects/tigershare/sdadc_working_lay
|
ncsim: *W,DLCPTH (/tools/cadence/IC617/share/cdssetup/cds.lib,7): cds.lib Permission denied '/projects/tigershare/sdadc_working_lay' (cds.lib command ignored).
DEFINE sdadc_working /projects/tigershare/sdadc_working
|
ncsim: *W,DLCPTH (/tools/cadence/IC617/share/cdssetup/cds.lib,8): cds.lib Permission denied '/projects/tigershare/sdadc_working' (cds.lib command ignored).
Loading snapshot worklib.dual_mem_tb:v .................... Done
ncsim> source /tools/cadence/INCISIVE152/tools/inca/files/ncsimrc
ncsim> run
Simulation complete via $finish(1) at time 240 NS + 0
./dual_mem_tb.v:46 $finish();
ncsim> exit
TOOL:	irun(64)	15.20-s051: Exiting on Mar 15, 2019 at 04:02:57 IST  (total: 00:00:01)
